<?xml version="1.0" encoding="UTF-8"?>
<!-- Generated by org.testng.reporters.JUnitXMLReporter -->
<testsuite ignored="1" hostname="Snigdha" failures="0" tests="1" name="Test(failed)" time="7.771" errors="0" timestamp="2024-05-06T14:23:28 EDT">
  <testcase classname="testCases.TC001_AccountRegistrationTest" name="verify_account_registration" time="2.769"/>
  <testcase classname="testCases.TC002_LoginTest" name="verify_Login" time="0.0">
    <ignored/>
  </testcase> <!-- verify_Login -->
</testsuite> <!-- Test(failed) -->
